<?xml version="1.0" encoding="UTF-8" ?>
<testsuite errors="1" failures="0" hostname="biko2" name="gsd.cdl.formula.EcosIMLTest" tests="1" time="0.249" timestamp="2011-05-08T20:54:26">
  <properties>
[...]
</properties>
  <testcase classname="gsd.cdl.formula.EcosIMLTest" name="testShowCase" time="0.182">
    <error message="Unknown adapter for gsd.iml.ast.expression.ConditionalExpression" type="java.lang.Exception">java.lang.Exception: Unknown adapter for gsd.iml.ast.expression.ConditionalExpression
	at gsd.cdl.model.ImlExpressionToCDLExpression$.apply(AstAdapters.scala:163)
	at gsd.cdl.model.ImlFeatureToNode$.apply(AstAdapters.scala:189)
	at gsd.cdl.model.ImlFeatureListToImlNodeList$.apply(AstAdapters.scala:309)
	at gsd.cdl.model.ImlFeatureToNode$.apply(AstAdapters.scala:206)
	at gsd.cdl.model.ImlFeatureListToImlNodeList$.apply(AstAdapters.scala:309)
	at gsd.cdl.model.ImlFeatureToNode$.apply(AstAdapters.scala:206)
	at gsd.cdl.model.ImlFeatureListToImlNodeList$.apply(AstAdapters.scala:309)
	at gsd.cdl.EcosIML$.parseFile(IMLParser.scala:28)
	at gsd.cdl.formula.EcosIMLTest.testShowCase(EcosIMLTest.scala:18)
</error>
  </testcase>
  <system-out><![CDATA[]]></system-out>
  <system-err><![CDATA[]]></system-err>
</testsuite>
